<?xml version="1.0" encoding="UTF-8"?>
<!-- Generated by org.testng.reporters.JUnitReportReporter -->
<testsuite hostname="EPHUBUDW0732" name="DataDrivenSample.DataDrivenExcel.DatDrivenExcelTest" tests="3" failures="0" timestamp="3 Sep 2015 10:32:35 GMT" time="2.293" errors="0">
  <testcase name="testSignUp" time="0.639" classname="DataDrivenSample.DataDrivenExcel.DatDrivenExcelTest"/>
  <testcase name="testSignUp" time="0.647" classname="DataDrivenSample.DataDrivenExcel.DatDrivenExcelTest"/>
  <testcase name="testSignUp" time="1.007" classname="DataDrivenSample.DataDrivenExcel.DatDrivenExcelTest"/>
</testsuite> <!-- DataDrivenSample.DataDrivenExcel.DatDrivenExcelTest -->
