<?xml version="1.0" encoding="UTF-8"?>
<!-- Generated by org.testng.reporters.JUnitReportReporter -->
<testsuite hostname="EPHUBUDW0732" name="DataDrivenSample.DataDrivenExcel.DatDrivenExcelTest" tests="3" failures="0" timestamp="17 Sep 2015 15:10:51 GMT" time="2.492" errors="0">
  <testcase name="testSignUp" time="0.669" classname="DataDrivenSample.DataDrivenExcel.DatDrivenExcelTest"/>
  <testcase name="testSignUp" time="0.648" classname="DataDrivenSample.DataDrivenExcel.DatDrivenExcelTest"/>
  <testcase name="testSignUp" time="1.175" classname="DataDrivenSample.DataDrivenExcel.DatDrivenExcelTest"/>
</testsuite> <!-- DataDrivenSample.DataDrivenExcel.DatDrivenExcelTest -->
