<?xml version="1.0" encoding="UTF-8"?>
<!-- Generated by org.testng.reporters.JUnitReportReporter -->
<testsuite hostname="EPHUBUDW0732" name="DataDrivenSample.DataDrivenExcel.DatDrivenExcelTest" tests="3" failures="0" timestamp="10 Sep 2015 13:25:33 GMT" time="6.662" errors="0">
  <testcase name="testSignUp" time="5.089" classname="DataDrivenSample.DataDrivenExcel.DatDrivenExcelTest"/>
  <testcase name="testSignUp" time="0.731" classname="DataDrivenSample.DataDrivenExcel.DatDrivenExcelTest"/>
  <testcase name="testSignUp" time="0.842" classname="DataDrivenSample.DataDrivenExcel.DatDrivenExcelTest"/>
</testsuite> <!-- DataDrivenSample.DataDrivenExcel.DatDrivenExcelTest -->
